[2022-07-17 17:44:35.973] [exthost] [info] Extension host with pid 9639 started
[2022-07-17 17:44:36.027] [exthost] [info] ExtensionService#_doActivateExtension vscode.debug-auto-launch, startup: true, activationEvent: '*'
[2022-07-17 17:44:36.034] [exthost] [info] ExtensionService#_doActivateExtension vscode.git-base, startup: true, activationEvent: '*', root cause: vscode.git
[2022-07-17 17:44:36.039] [exthost] [info] ExtensionService#_doActivateExtension vscode.ipynb, startup: true, activationEvent: '*'
[2022-07-17 17:44:36.096] [exthost] [info] ExtensionService#_doActivateExtension vscode.git, startup: true, activationEvent: '*'
[2022-07-17 17:44:36.171] [exthost] [info] ExtensionService#_doActivateExtension vscode.github, startup: true, activationEvent: '*'
[2022-07-17 17:44:36.195] [exthost] [info] Eager extensions activated
[2022-07-17 17:44:36.205] [exthost] [info] ExtensionService#_doActivateExtension vscode.emmet, startup: false, activationEvent: 'onStartupFinished'
[2022-07-17 17:44:36.215] [exthost] [info] ExtensionService#_doActivateExtension vscode.merge-conflict, startup: false, activationEvent: 'onStartupFinished'
[2022-07-17 17:44:52.968] [exthost] [info] Extension host terminating: received terminate message from renderer
[2022-07-17 17:44:52.972] [exthost] [info] Extension host with pid 9639 exiting with code 0
[2022-07-17 17:44:54.354] [exthost] [info] Extension host with pid 9730 started
[2022-07-17 17:44:54.354] [exthost] [info] Skipping acquiring lock for /home/finleyv/.config/Code - OSS/User/workspaceStorage/ea52f659a55021a94a6034211a62fd1a.
[2022-07-17 17:44:54.385] [exthost] [info] ExtensionService#_doActivateExtension vscode.debug-auto-launch, startup: true, activationEvent: '*'
[2022-07-17 17:44:54.389] [exthost] [info] ExtensionService#_doActivateExtension vscode.git-base, startup: true, activationEvent: '*'
[2022-07-17 17:44:54.391] [exthost] [info] ExtensionService#_doActivateExtension vscode.ipynb, startup: true, activationEvent: '*'
[2022-07-17 17:44:54.406] [exthost] [info] ExtensionService#_doActivateExtension vscode.github, startup: true, activationEvent: '*'
[2022-07-17 17:44:54.416] [exthost] [info] Eager extensions activated
[2022-07-17 17:44:54.417] [exthost] [info] ExtensionService#_doActivateExtension vscode.emmet, startup: false, activationEvent: 'onStartupFinished'
[2022-07-17 17:44:54.429] [exthost] [info] ExtensionService#_doActivateExtension vscode.merge-conflict, startup: false, activationEvent: 'onStartupFinished'
[2022-07-17 17:44:56.198] [exthost] [info] ExtensionService#_doActivateExtension vscode.git, startup: false, activationEvent: 'api', root cause: vscode.github
[2022-07-17 17:45:53.084] [exthost] [info] ExtensionService#_doActivateExtension vscode.configuration-editing, startup: false, activationEvent: 'onLanguage:jsonc'
[2022-07-17 17:45:53.092] [exthost] [info] ExtensionService#_doActivateExtension vscode.json-language-features, startup: false, activationEvent: 'onLanguage:jsonc'
[2022-07-17 17:45:53.181] [exthost] [info] ExtensionService#_doActivateExtension vscode.typescript-language-features, startup: false, activationEvent: 'onLanguage:jsonc'
[2022-07-17 17:47:49.742] [exthost] [info] Extension host terminating: received terminate message from renderer
[2022-07-17 17:47:49.754] [exthost] [info] Extension host with pid 9730 exiting with code 0
